29 71 53 71 87 25 19 81 19 31 75 29 83
78 98 18 8 40 28 90 94 20 56 60 86 8 44

67 79 15 7 71 57 91 99 3 49 29 77 67 7 7 61 85 1 81 9 69 55 49 91 63 23 21 25 81 21
50 90 42 72 68 42 90 90 10 80 36 68 12 94 44 100 50 74 70 6 26 92 80 72 44 4 74 86 92 42

55 89 47 79 25 61 93 27 73 37 45 3 9 77 69 63 41 89 3 75 21 89 63 99 33 93 87 77 25 79 23 57 43 47 29 11 47 93 35 47 91 71 71 15 29 17 49 5 13 11
6 62 90 10 50 6 8 56 42 48 46 12 18 4 84 50 6 58 46 6 54 6 24 58 70 38 98 60 8 32 40 88 42 98 74 68 50 86 16 94 10 10 34 10 48 68

35 39 89 97 67 61 27 39 33 81 49 91 81 33 7 55 41 57 21 65 29 11 23 83 35 9 43 31 83 97 79 89 53 57 59 21
44 94 84 52 38 32 82 20 68 10 74 10 52 62 20 68 98 36 32 62 30 30 20 8 2 42 16 92 32 10 90 42 80 34 62 82

87 79 97 37 93 29 71 23 5 53 61 47 45 41 99 91 5 1 35 23 27 43 33 31 35 15 67 49 61 13 73 83 51 47 43 93 81 53 13 67 91
28 94 10 18 96 32 96 70 24 52 24 58 28 40 96 56 66 70 56 38 2 62 98 100 8 24 60 56 40 10 18 16 24 36 76 96 54 40 76 6 34 92 90 58 46 26 94 32 50 14 8 86 100 4 14

67 41 69 99 55 41 15 59 61 59 37 15 85 89 13 21 45 71 1 13 21 97 13 97 89 51 35 11 89 61 55 87 39 23 69 45 19 21 53 81 1 37 27 81 35 7 7 69 83
14 18 98 64 2 60 68 70 82 24 32 90 88 26 52 48 88 80 2 96 44 92 42 36 52 54 38 16 10 36 56 30 42 30 30 38 62 48 72 60 12 36 72 44 34 46 80

53 3 1 87 53 55 75 39 47 27 43 91 11 35 89 11 9 91 25 49 81 77 3 11 49 23 7 59 29 41 47 79 49 45 23 89 31 27 93
78 8 76 50 94 78 4 54 20 22 2 42 32 90 6 14 80 72 4 22 94 76 10 16 8 82 92 54 36 30 44 10 78 72 72 38 46 40 24 18 40 74 2 72 38 40 60

69 73 37 7 53 95 61
54 56 2 62 46 56 100

75 59 65 17 45 43 47 97 63 85 63 3 37 53 63 81 93 31 35 23 37 83 63 67
18 46 52 2 64 90 92 50 4 58 88 74 14 64 82 10 20 30

99 73 19 49 31 51 29 89 35 85 53 15 5
38 36 100 42 74 92 16 98 26 12 64 76 2 92