1005 1
1004 1
1003 1
1002 1
1001 1
1000 1
999 1
-1000 1
-1001 1
-1002 1
-1003 1
-1004 1

123 1
5 2
0 2
-7 1
-8 1
-9 2
-12 1
-99 1

9999 4
5 6
-52 12
-100 22
-123 7

10000 1
12 2
5 1
-1000 1
-2131 1
-5000 1

999 2
99 2
9 2
-9 2
-99 2

32662 1
31322 1
28703 1
27446 1
25667 1
24626 1
23281 1
20037 1
19718 1
19629 1
16944 1
15890 1
15141 1
15006 1
12316 1
9961 1
8723 1
5705 1
3902 1
41 1
-288 1
-292 1
-1869 1
-2995 1
-4827 1
-4966 1
-5447 1
-5537 1
-6334 1
-9040 1
-11478 1
-13931 1
-14771 1
-16118 1
-17035 1
-17421 1
-17673 1
-18756 1
-19169 1
-19264 1
-22190 1
-24084 1
-24370 1
-24393 1
-25547 1
-26962 1
-27529 1
-28253 1
-32391 1

9 1
8 1
7 2
6 4
5 1
4 1
3 2
2 3
1 4
0 4
-1 4
-2 2
-3 3
-4 3
-5 2
-6 2
-7 4
-8 3
-9 3
