171218 213430.166|CONFIG|main|setFileHandlers|Now logging to D:\桌面\程式設計C\week0\pc2-9.4.1-20171005T025615Z-001\pc2-9.4.1\bin\logs directory.
171218 213430.169|INFO|main|info|
171218 213430.174|INFO|main|info|Version 9.4.1 20170125 (Wednesday, January 25th 2017 02:54 UTC) Java ver 1.8.0_144 build 3850 Windows 10 10.0 (amd64) 
171218 213430.175|INFO|main|startLog|Working directory is D:\桌面\程式設計C\week0\pc2-9.4.1-20171005T025615Z-001\pc2-9.4.1\bin
171218 213430.187|INFO|main|startLog|Process id is 13644@LAPTOP-F0C4MNFQ
171218 213430.188|INFO|main|start|Starting ConnectionManager...
171218 213430.337|INFO|main|start|Started ConnectionManager
171218 213430.339|INFO|main|setClientServerAndPort|INIFile File location: file:/D:/桌面/程式設計C/week0/pc2-9.4.1-20171005T025615Z-001/pc2-9.4.1/bin/pc2v9.ini
171218 213430.343|INFO|main|setClientServerAndPort|setClientServerAndPort 140.123.104.102 parsed as 140.123.104.102 port 50002
171218 213430.343|INFO|main|info|Contacting server at 140.123.104.102:50002
171218 213430.343|INFO|main|connectToMyServer|Connecting to 140.123.104.102:50002
171218 213430.736|INFO|Thread-1|receiveUnencrypted|receiveUnencrypted(TransportWrapper, ConnectionHandlerID=Socket[addr=/140.123.104.102,port=50002,localport=11471]-6538415875888811669)
171218 213430.971|INFO|Thread-1|receiveUnencrypted|receiveUnencrypted Made a secret key for Socket[addr=/140.123.104.102,port=50002,localport=11471]-6538415875888811669 key is com.sun.crypto.provider.DESKey@fffe7b36
171218 213430.972|INFO|Thread-1|getPublicKeyPacket|Generating Unencrypted Public Key Packet
171218 213430.973|INFO|Thread-1|getPublicKeyPacket|checking key:= SunJCE Diffie-Hellman Public Key:
y:
    da94c9f3 ed67539b 988bbb82 d34650f3 4ca6e548 b05f1057 d1b51783 e371f19b
    2800347f 74dffcbf b8db67df 743dd1c6 41269791 e1420dcf 56445f5e 76ed2e61
    ff512e7b 4b8ba3c9 8dc4d312 f07232b5 9e979557 8da4f1eb 42a7cb1f a1634d53
    ba49c266 2d22c107 85360d3a 3980febd 1007de85 887e9572 4759c34a 97bf990c
p:
    f488fd58 4e49dbcd 20b49de4 9107366b 336c380d 451d0f7c 88b31c7c 5b2d8ef6
    f3c923c0 43f0a55b 188d8ebb 558cb85d 38d334fd 7c175743 a31d186c de33212c
    b52aff3c e1b12940 18118d7c 84a70a72 d686c403 19c80729 7aca950c d9969fab
    d00a509b 0246d308 3d66a45d 419f9c7c bd894b22 1926baab a25ec355 e92f78c7
g:
    02
l:
    512
171218 213430.974|INFO|Thread-1|getPublicKeyPacket|packet:= edu.csus.ecs.pc2.core.transport.TransportWrapper@24e730cc
171218 214758.831|INFO|Thread-1|receive|SocketException in receive for Socket[addr=/140.123.104.102,port=50002,localport=11471]-6538415875888811669
|java.net.SocketException: Software caused connection abort: recv failed
|    at java.net.SocketInputStream.socketRead0 (Unknown Source)
|    at java.net.SocketInputStream.socketRead (Unknown Source)
|    at java.net.SocketInputStream.read (Unknown Source)
|    at java.net.SocketInputStream.read (Unknown Source)
|    at java.net.SocketInputStream.read (Unknown Source)
|    at java.io.ObjectInputStream$PeekInputStream.peek (Unknown Source)
|    at java.io.ObjectInputStream$BlockDataInputStream.peek (Unknown Source)
|    at java.io.ObjectInputStream$BlockDataInputStream.peekByte (Unknown Source)
|    at java.io.ObjectInputStream.readObject0 (Unknown Source)
|    at java.io.ObjectInputStream.readObject (Unknown Source)
|    at edu.csus.ecs.pc2.core.transport.ConnectionHandlerThread.receive (ConnectionHandlerThread.java:151)
|    at edu.csus.ecs.pc2.core.transport.ConnectionHandlerClientThread.run (ConnectionHandlerClientThread.java:65)
171218 214758.832|FINER|Thread-1|run|THROW
|edu.csus.ecs.pc2.core.transport.TransportException: Software caused connection abort: recv failed
|    at edu.csus.ecs.pc2.core.transport.ConnectionHandlerThread.receive (ConnectionHandlerThread.java:155)
|    at edu.csus.ecs.pc2.core.transport.ConnectionHandlerClientThread.run (ConnectionHandlerClientThread.java:65)
171218 214758.832|INFO|Thread-1|receive|SocketException in receive for Socket[addr=/140.123.104.102,port=50002,localport=11471]-6538415875888811669
|java.net.SocketException: Connection reset
|    at java.net.SocketInputStream.read (Unknown Source)
|    at java.net.SocketInputStream.read (Unknown Source)
|    at java.net.SocketInputStream.read (Unknown Source)
|    at java.io.ObjectInputStream$PeekInputStream.peek (Unknown Source)
|    at java.io.ObjectInputStream$BlockDataInputStream.peek (Unknown Source)
|    at java.io.ObjectInputStream$BlockDataInputStream.peekByte (Unknown Source)
|    at java.io.ObjectInputStream.readObject0 (Unknown Source)
|    at java.io.ObjectInputStream.readObject (Unknown Source)
|    at edu.csus.ecs.pc2.core.transport.ConnectionHandlerThread.receive (ConnectionHandlerThread.java:151)
|    at edu.csus.ecs.pc2.core.transport.ConnectionHandlerClientThread.run (ConnectionHandlerClientThread.java:65)
171218 214758.832|FINER|Thread-1|run|THROW
|edu.csus.ecs.pc2.core.transport.TransportException: Connection reset
|    at edu.csus.ecs.pc2.core.transport.ConnectionHandlerThread.receive (ConnectionHandlerThread.java:155)
|    at edu.csus.ecs.pc2.core.transport.ConnectionHandlerClientThread.run (ConnectionHandlerClientThread.java:65)
