171005 105957.100|CONFIG|main|setFileHandlers|Now logging to D:\орн▒\pc2-9.4.1-20171005T025615Z-001\pc2-9.4.1\bin\logs directory.
171005 105957.100|INFO|main|info|
171005 105957.100|INFO|main|info|Version 9.4.1 20170125 (Wednesday, January 25th 2017 02:54 UTC) Java ver 1.8.0_144 build 3850 Windows 10 10.0 (amd64) 
171005 105957.100|INFO|main|startLog|Working directory is D:\орн▒\pc2-9.4.1-20171005T025615Z-001\pc2-9.4.1\bin
171005 105957.116|INFO|main|startLog|Process id is 16840@LAPTOP-F0C4MNFQ
171005 105957.116|INFO|main|start|Starting ConnectionManager...
171005 105957.401|INFO|main|start|Started ConnectionManager
171005 105957.401|INFO|main|setClientServerAndPort|INIFile File location: file:/D:/орн▒/pc2-9.4.1-20171005T025615Z-001/pc2-9.4.1/bin/pc2v9.ini
171005 105957.401|INFO|main|setClientServerAndPort|setClientServerAndPort 140.123.104.102 parsed as 140.123.104.102 port 50002
171005 105957.401|INFO|main|info|Contacting server at 140.123.104.102:50002
171005 105957.401|INFO|main|connectToMyServer|Connecting to 140.123.104.102:50002
171005 105957.766|INFO|Thread-1|receiveUnencrypted|receiveUnencrypted(TransportWrapper, ConnectionHandlerID=Socket[addr=/140.123.104.102,port=50002,localport=1808]-4156124548106023597)
171005 105957.989|INFO|Thread-1|receiveUnencrypted|receiveUnencrypted Made a secret key for Socket[addr=/140.123.104.102,port=50002,localport=1808]-4156124548106023597 key is com.sun.crypto.provider.DESKey@18709
171005 105957.989|INFO|Thread-1|getPublicKeyPacket|Generating Unencrypted Public Key Packet
171005 105957.989|INFO|Thread-1|getPublicKeyPacket|checking key:= SunJCE Diffie-Hellman Public Key:
y:
    798ed583 a9b9c060 9080d99e 2914ebad 83095e74 a121a660 7ef01313 18e2645a
    2f57c826 78f647ce f11eff1b 22550c2c 76c24284 026db68a 4b78085b c4814905
    57c877e0 8bdcd6da 642b9dc6 9d0b8684 6fee2882 7e746f20 ca991406 852ad16e
    c4720b4a 1511dedf 01f911c5 fad0bc0e 377701ce d22e9453 9801bc71 9e005e10
p:
    f488fd58 4e49dbcd 20b49de4 9107366b 336c380d 451d0f7c 88b31c7c 5b2d8ef6
    f3c923c0 43f0a55b 188d8ebb 558cb85d 38d334fd 7c175743 a31d186c de33212c
    b52aff3c e1b12940 18118d7c 84a70a72 d686c403 19c80729 7aca950c d9969fab
    d00a509b 0246d308 3d66a45d 419f9c7c bd894b22 1926baab a25ec355 e92f78c7
g:
    02
l:
    512
171005 105957.989|INFO|Thread-1|getPublicKeyPacket|packet:= edu.csus.ecs.pc2.core.transport.TransportWrapper@713a1417
171005 110735.208|INFO|Thread-1|receive|Exception in receive for Socket[addr=/140.123.104.102,port=50002,localport=1808]-4156124548106023597
|java.net.SocketTimeoutException: Read timed out
|    at java.net.SocketInputStream.socketRead0 (Unknown Source)
|    at java.net.SocketInputStream.socketRead (Unknown Source)
|    at java.net.SocketInputStream.read (Unknown Source)
|    at java.net.SocketInputStream.read (Unknown Source)
|    at java.net.SocketInputStream.read (Unknown Source)
|    at java.io.ObjectInputStream$PeekInputStream.peek (Unknown Source)
|    at java.io.ObjectInputStream$BlockDataInputStream.peek (Unknown Source)
|    at java.io.ObjectInputStream$BlockDataInputStream.peekByte (Unknown Source)
|    at java.io.ObjectInputStream.readObject0 (Unknown Source)
|    at java.io.ObjectInputStream.readObject (Unknown Source)
|    at edu.csus.ecs.pc2.core.transport.ConnectionHandlerThread.receive (ConnectionHandlerThread.java:151)
|    at edu.csus.ecs.pc2.core.transport.ConnectionHandlerClientThread.run (ConnectionHandlerClientThread.java:65)
171005 110735.208|FINER|Thread-1|run|THROW
|edu.csus.ecs.pc2.core.transport.TransportException: Read timed out
|    at edu.csus.ecs.pc2.core.transport.ConnectionHandlerThread.receive (ConnectionHandlerThread.java:161)
|    at edu.csus.ecs.pc2.core.transport.ConnectionHandlerClientThread.run (ConnectionHandlerClientThread.java:65)
171005 110735.208|INFO|Thread-1|receive|SocketException in receive for Socket[addr=/140.123.104.102,port=50002,localport=1808]-4156124548106023597
|java.net.SocketException: Connection reset
|    at java.net.SocketInputStream.read (Unknown Source)
|    at java.net.SocketInputStream.read (Unknown Source)
|    at java.net.SocketInputStream.read (Unknown Source)
|    at java.io.ObjectInputStream$PeekInputStream.peek (Unknown Source)
|    at java.io.ObjectInputStream$BlockDataInputStream.peek (Unknown Source)
|    at java.io.ObjectInputStream$BlockDataInputStream.peekByte (Unknown Source)
|    at java.io.ObjectInputStream.readObject0 (Unknown Source)
|    at java.io.ObjectInputStream.readObject (Unknown Source)
|    at edu.csus.ecs.pc2.core.transport.ConnectionHandlerThread.receive (ConnectionHandlerThread.java:151)
|    at edu.csus.ecs.pc2.core.transport.ConnectionHandlerClientThread.run (ConnectionHandlerClientThread.java:65)
171005 110735.208|FINER|Thread-1|run|THROW
|edu.csus.ecs.pc2.core.transport.TransportException: Connection reset
|    at edu.csus.ecs.pc2.core.transport.ConnectionHandlerThread.receive (ConnectionHandlerThread.java:155)
|    at edu.csus.ecs.pc2.core.transport.ConnectionHandlerClientThread.run (ConnectionHandlerClientThread.java:65)
