171017 192725.298|CONFIG|main|setFileHandlers|Now logging to D:\桌面\程式設計C\pc2-9.4.1-20171005T025615Z-001\pc2-9.4.1\bin\logs directory.
171017 192725.299|INFO|main|info|
171017 192725.301|INFO|main|info|Version 9.4.1 20170125 (Wednesday, January 25th 2017 02:54 UTC) Java ver 1.8.0_144 build 3850 Windows 10 10.0 (amd64) 
171017 192725.301|INFO|main|startLog|Working directory is D:\桌面\程式設計C\pc2-9.4.1-20171005T025615Z-001\pc2-9.4.1\bin
171017 192725.301|INFO|main|startLog|Process id is 18016@LAPTOP-F0C4MNFQ
171017 192725.301|INFO|main|start|Starting ConnectionManager...
171017 192725.463|INFO|main|start|Started ConnectionManager
171017 192725.463|INFO|main|setClientServerAndPort|INIFile File location: file:/D:/桌面/程式設計C/pc2-9.4.1-20171005T025615Z-001/pc2-9.4.1/bin/pc2v9.ini
171017 192725.463|INFO|main|setClientServerAndPort|setClientServerAndPort 140.123.104.102 parsed as 140.123.104.102 port 50002
171017 192725.463|INFO|main|info|Contacting server at 140.123.104.102:50002
171017 192725.463|INFO|main|connectToMyServer|Connecting to 140.123.104.102:50002
171017 192725.532|INFO|Thread-1|receiveUnencrypted|receiveUnencrypted(TransportWrapper, ConnectionHandlerID=Socket[addr=/140.123.104.102,port=50002,localport=2073]--1922435110722728820)
171017 192725.717|INFO|Thread-1|receiveUnencrypted|receiveUnencrypted Made a secret key for Socket[addr=/140.123.104.102,port=50002,localport=2073]--1922435110722728820 key is com.sun.crypto.provider.DESKey@fffe7e60
171017 192725.717|INFO|Thread-1|getPublicKeyPacket|Generating Unencrypted Public Key Packet
171017 192725.717|INFO|Thread-1|getPublicKeyPacket|checking key:= SunJCE Diffie-Hellman Public Key:
y:
    6ab2580f 9a91a39e 79892828 39cc5d9d 963bd640 14fae9da d3c82bbb f024e5cf
    b34b003c c56ff893 b18ebbb1 09aeab11 101ea8dd 9b2d29b4 cd4b66aa ce82913b
    d1d93328 0f1d20c4 4ecc07a4 b34c3e24 16c8df17 b907aefa 93543cb0 0c9dd09c
    b2a75002 f62c1974 d2c96b61 f94520d2 38c0d11e f5183e45 968d31b7 50300a6a
p:
    f488fd58 4e49dbcd 20b49de4 9107366b 336c380d 451d0f7c 88b31c7c 5b2d8ef6
    f3c923c0 43f0a55b 188d8ebb 558cb85d 38d334fd 7c175743 a31d186c de33212c
    b52aff3c e1b12940 18118d7c 84a70a72 d686c403 19c80729 7aca950c d9969fab
    d00a509b 0246d308 3d66a45d 419f9c7c bd894b22 1926baab a25ec355 e92f78c7
g:
    02
l:
    512
171017 192725.717|INFO|Thread-1|getPublicKeyPacket|packet:= edu.csus.ecs.pc2.core.transport.TransportWrapper@7e008c0
171017 193919.253|INFO|Thread-1|receive|SocketException in receive for Socket[addr=/140.123.104.102,port=50002,localport=2073]--1922435110722728820
|java.net.SocketException: Connection reset
|    at java.net.SocketInputStream.read (Unknown Source)
|    at java.net.SocketInputStream.read (Unknown Source)
|    at java.net.SocketInputStream.read (Unknown Source)
|    at java.io.ObjectInputStream$PeekInputStream.peek (Unknown Source)
|    at java.io.ObjectInputStream$BlockDataInputStream.peek (Unknown Source)
|    at java.io.ObjectInputStream$BlockDataInputStream.peekByte (Unknown Source)
|    at java.io.ObjectInputStream.readObject0 (Unknown Source)
|    at java.io.ObjectInputStream.readObject (Unknown Source)
|    at edu.csus.ecs.pc2.core.transport.ConnectionHandlerThread.receive (ConnectionHandlerThread.java:151)
|    at edu.csus.ecs.pc2.core.transport.ConnectionHandlerClientThread.run (ConnectionHandlerClientThread.java:65)
171017 193919.253|FINER|Thread-1|run|THROW
|edu.csus.ecs.pc2.core.transport.TransportException: Connection reset
|    at edu.csus.ecs.pc2.core.transport.ConnectionHandlerThread.receive (ConnectionHandlerThread.java:155)
|    at edu.csus.ecs.pc2.core.transport.ConnectionHandlerClientThread.run (ConnectionHandlerClientThread.java:65)
