171124 030101.418|CONFIG|main|setFileHandlers|Now logging to D:\桌面\程式設計C\pc2-9.4.1-20171005T025615Z-001\pc2-9.4.1\bin\logs directory.
171124 030101.419|INFO|main|info|
171124 030101.421|INFO|main|info|Version 9.4.1 20170125 (Wednesday, January 25th 2017 02:54 UTC) Java ver 1.8.0_144 build 3850 Windows 10 10.0 (amd64) 
171124 030101.422|INFO|main|startLog|Working directory is D:\桌面\程式設計C\pc2-9.4.1-20171005T025615Z-001\pc2-9.4.1\bin
171124 030101.432|INFO|main|startLog|Process id is 4364@LAPTOP-F0C4MNFQ
171124 030101.432|INFO|main|start|Starting ConnectionManager...
171124 030101.607|INFO|main|start|Started ConnectionManager
171124 030101.609|INFO|main|setClientServerAndPort|INIFile File location: file:/D:/桌面/程式設計C/pc2-9.4.1-20171005T025615Z-001/pc2-9.4.1/bin/pc2v9.ini
171124 030101.610|INFO|main|setClientServerAndPort|setClientServerAndPort 140.123.104.102 parsed as 140.123.104.102 port 50002
171124 030101.610|INFO|main|info|Contacting server at 140.123.104.102:50002
171124 030101.610|INFO|main|connectToMyServer|Connecting to 140.123.104.102:50002
171124 030101.781|INFO|Thread-1|receiveUnencrypted|receiveUnencrypted(TransportWrapper, ConnectionHandlerID=Socket[addr=/140.123.104.102,port=50002,localport=3398]--2042582101641280859)
171124 030101.979|INFO|Thread-1|receiveUnencrypted|receiveUnencrypted Made a secret key for Socket[addr=/140.123.104.102,port=50002,localport=3398]--2042582101641280859 key is com.sun.crypto.provider.DESKey@fffe783b
171124 030101.979|INFO|Thread-1|getPublicKeyPacket|Generating Unencrypted Public Key Packet
171124 030101.980|INFO|Thread-1|getPublicKeyPacket|checking key:= SunJCE Diffie-Hellman Public Key:
y:
    1c3cf440 1f1028a8 3cf8c5ee e554a136 0dca18eb 58ad9d28 217a40d6 8ac30fdb
    dab31bf0 873ba549 82b8c938 15a78145 66f3190d cc7caa55 f9d2f19e 53c282b6
    097b13d0 7d4026ef 9a4e0131 c2d72b7a c1cf6497 20e77a41 3433fa54 db819553
    2acdb560 2991b765 62b5f0f4 0da1fa22 1cce2009 2076de77 aa29beea 5b24a6b7
p:
    f488fd58 4e49dbcd 20b49de4 9107366b 336c380d 451d0f7c 88b31c7c 5b2d8ef6
    f3c923c0 43f0a55b 188d8ebb 558cb85d 38d334fd 7c175743 a31d186c de33212c
    b52aff3c e1b12940 18118d7c 84a70a72 d686c403 19c80729 7aca950c d9969fab
    d00a509b 0246d308 3d66a45d 419f9c7c bd894b22 1926baab a25ec355 e92f78c7
g:
    02
l:
    512
171124 030101.980|INFO|Thread-1|getPublicKeyPacket|packet:= edu.csus.ecs.pc2.core.transport.TransportWrapper@24e730cc
171124 032802.501|INFO|Thread-1|receive|SocketException in receive for Socket[addr=/140.123.104.102,port=50002,localport=3398]--2042582101641280859
|java.net.SocketException: Connection reset
|    at java.net.SocketInputStream.read (Unknown Source)
|    at java.net.SocketInputStream.read (Unknown Source)
|    at java.net.SocketInputStream.read (Unknown Source)
|    at java.io.ObjectInputStream$PeekInputStream.peek (Unknown Source)
|    at java.io.ObjectInputStream$BlockDataInputStream.peek (Unknown Source)
|    at java.io.ObjectInputStream$BlockDataInputStream.peekByte (Unknown Source)
|    at java.io.ObjectInputStream.readObject0 (Unknown Source)
|    at java.io.ObjectInputStream.readObject (Unknown Source)
|    at edu.csus.ecs.pc2.core.transport.ConnectionHandlerThread.receive (ConnectionHandlerThread.java:151)
|    at edu.csus.ecs.pc2.core.transport.ConnectionHandlerClientThread.run (ConnectionHandlerClientThread.java:65)
171124 032802.502|FINER|Thread-1|run|THROW
|edu.csus.ecs.pc2.core.transport.TransportException: Connection reset
|    at edu.csus.ecs.pc2.core.transport.ConnectionHandlerThread.receive (ConnectionHandlerThread.java:155)
|    at edu.csus.ecs.pc2.core.transport.ConnectionHandlerClientThread.run (ConnectionHandlerClientThread.java:65)
