171023 133606.139|CONFIG|main|setFileHandlers|Now logging to D:\桌面\程式設計C\pc2-9.4.1-20171005T025615Z-001\pc2-9.4.1\bin\logs directory.
171023 133606.141|INFO|main|info|
171023 133606.144|INFO|main|info|Version 9.4.1 20170125 (Wednesday, January 25th 2017 02:54 UTC) Java ver 1.8.0_144 build 3850 Windows 10 10.0 (amd64) 
171023 133606.144|INFO|main|startLog|Working directory is D:\桌面\程式設計C\pc2-9.4.1-20171005T025615Z-001\pc2-9.4.1\bin
171023 133606.155|INFO|main|startLog|Process id is 1008@LAPTOP-F0C4MNFQ
171023 133606.155|INFO|main|start|Starting ConnectionManager...
171023 133606.319|INFO|main|start|Started ConnectionManager
171023 133606.321|INFO|main|setClientServerAndPort|INIFile File location: file:/D:/桌面/程式設計C/pc2-9.4.1-20171005T025615Z-001/pc2-9.4.1/bin/pc2v9.ini
171023 133606.322|INFO|main|setClientServerAndPort|setClientServerAndPort 140.123.104.102 parsed as 140.123.104.102 port 50002
171023 133606.322|INFO|main|info|Contacting server at 140.123.104.102:50002
171023 133606.323|INFO|main|connectToMyServer|Connecting to 140.123.104.102:50002
171023 133606.450|INFO|Thread-1|receiveUnencrypted|receiveUnencrypted(TransportWrapper, ConnectionHandlerID=Socket[addr=/140.123.104.102,port=50002,localport=12867]--6889738335548931339)
171023 133606.645|INFO|Thread-1|receiveUnencrypted|receiveUnencrypted Made a secret key for Socket[addr=/140.123.104.102,port=50002,localport=12867]--6889738335548931339 key is com.sun.crypto.provider.DESKey@fffe7ee7
171023 133606.645|INFO|Thread-1|getPublicKeyPacket|Generating Unencrypted Public Key Packet
171023 133606.647|INFO|Thread-1|getPublicKeyPacket|checking key:= SunJCE Diffie-Hellman Public Key:
y:
    50c7f1fa 3a27ba82 94db2bfe f452c174 a5828895 70909478 9332190f 1cc62454
    dcb5cdbf 3030a29a 1abe9d19 ea6fa50b a8be5b0d 10e10461 b034d12b 5f9cd9f3
    9c25979b f7206b3c 3dbc2634 39997e2a c483203c b77a52f6 5275c9e9 dbf19ebd
    3c8be82a 9fbc73ac 774583e6 02b5ac76 e3f03394 1e0284e0 199dfd00 0180e22d
p:
    f488fd58 4e49dbcd 20b49de4 9107366b 336c380d 451d0f7c 88b31c7c 5b2d8ef6
    f3c923c0 43f0a55b 188d8ebb 558cb85d 38d334fd 7c175743 a31d186c de33212c
    b52aff3c e1b12940 18118d7c 84a70a72 d686c403 19c80729 7aca950c d9969fab
    d00a509b 0246d308 3d66a45d 419f9c7c bd894b22 1926baab a25ec355 e92f78c7
g:
    02
l:
    512
171023 133606.647|INFO|Thread-1|getPublicKeyPacket|packet:= edu.csus.ecs.pc2.core.transport.TransportWrapper@24e730cc
171023 133615.659|FINER|AWT-EventQueue-0|info|Login not successful: No such account " TEAM45"
171023 133622.964|FINER|AWT-EventQueue-0|info|Login not successful: No such account " TEAM45"
171023 133625.218|FINER|AWT-EventQueue-0|info|Login not successful: No such account " TEAM45"
171023 133633.344|FINER|AWT-EventQueue-0|info|Login not successful: No such account " TEAM45"
171023 133634.890|FINER|AWT-EventQueue-0|info|Login not successful: No such account " TEAM45"
171023 133635.645|FINER|AWT-EventQueue-0|info|Login not successful: No such account " TEAM45"
171023 133635.797|FINER|AWT-EventQueue-0|info|Login not successful: No such account " TEAM45"
171023 133635.949|FINER|AWT-EventQueue-0|info|Login not successful: No such account " TEAM45"
171023 133636.102|FINER|AWT-EventQueue-0|info|Login not successful: No such account " TEAM45"
171023 133636.174|FINER|AWT-EventQueue-0|info|Login not successful: No such account " TEAM45"
171023 133636.418|FINER|AWT-EventQueue-0|info|Login not successful: No such account " TEAM45"
171023 133636.602|FINER|AWT-EventQueue-0|info|Login not successful: No such account " TEAM45"
