171114 202419.895|CONFIG|main|setFileHandlers|Now logging to D:\桌面\程式設計C\pc2-9.4.1-20171005T025615Z-001\pc2-9.4.1\bin\logs directory.
171114 202419.895|INFO|main|info|
171114 202419.895|INFO|main|info|Version 9.4.1 20170125 (Wednesday, January 25th 2017 02:54 UTC) Java ver 1.8.0_144 build 3850 Windows 10 10.0 (amd64) 
171114 202419.895|INFO|main|startLog|Working directory is D:\桌面\程式設計C\pc2-9.4.1-20171005T025615Z-001\pc2-9.4.1\bin
171114 202419.926|INFO|main|startLog|Process id is 6556@LAPTOP-F0C4MNFQ
171114 202419.926|INFO|main|start|Starting ConnectionManager...
171114 202420.211|INFO|main|start|Started ConnectionManager
171114 202420.211|INFO|main|setClientServerAndPort|INIFile File location: file:/D:/桌面/程式設計C/pc2-9.4.1-20171005T025615Z-001/pc2-9.4.1/bin/pc2v9.ini
171114 202420.211|INFO|main|setClientServerAndPort|setClientServerAndPort 140.123.104.102 parsed as 140.123.104.102 port 50002
171114 202420.211|INFO|main|info|Contacting server at 140.123.104.102:50002
171114 202420.211|INFO|main|connectToMyServer|Connecting to 140.123.104.102:50002
171114 202420.296|INFO|Thread-1|receiveUnencrypted|receiveUnencrypted(TransportWrapper, ConnectionHandlerID=Socket[addr=/140.123.104.102,port=50002,localport=6855]-1281507653121130578)
171114 202420.543|INFO|Thread-1|receiveUnencrypted|receiveUnencrypted Made a secret key for Socket[addr=/140.123.104.102,port=50002,localport=6855]-1281507653121130578 key is com.sun.crypto.provider.DESKey@fffe786c
171114 202420.543|INFO|Thread-1|getPublicKeyPacket|Generating Unencrypted Public Key Packet
171114 202420.543|INFO|Thread-1|getPublicKeyPacket|checking key:= SunJCE Diffie-Hellman Public Key:
y:
    468e0031 91b62034 9f3d794d 2b82d80a 7fd11fa2 f08d7ce7 6b3d4fe8 2817382a
    069c2b5f e7707404 7db26c30 bfacc387 6c34d171 7ad45148 6671d28d 135f77a8
    84c0662e bdd04bb8 e5be0c19 03c8439e d8789cd9 90b6bf99 7d598241 e8317a50
    e2374484 adb48d8d 987c59c4 31e245a0 4f9c3417 eb6cf0e5 63a7ef5e 7d69f13d
p:
    f488fd58 4e49dbcd 20b49de4 9107366b 336c380d 451d0f7c 88b31c7c 5b2d8ef6
    f3c923c0 43f0a55b 188d8ebb 558cb85d 38d334fd 7c175743 a31d186c de33212c
    b52aff3c e1b12940 18118d7c 84a70a72 d686c403 19c80729 7aca950c d9969fab
    d00a509b 0246d308 3d66a45d 419f9c7c bd894b22 1926baab a25ec355 e92f78c7
g:
    02
l:
    512
171114 202420.543|INFO|Thread-1|getPublicKeyPacket|packet:= edu.csus.ecs.pc2.core.transport.TransportWrapper@4d3550e3
171114 202434.509|FINER|AWT-EventQueue-0|info|Login not successful: No such account "HSIEHONG"
