171023 121926.117|CONFIG|main|setFileHandlers|Now logging to D:\桌面\程式設計C\pc2-9.4.1-20171005T025615Z-001\pc2-9.4.1\bin\logs directory.
171023 121926.118|INFO|main|info|
171023 121926.120|INFO|main|info|Version 9.4.1 20170125 (Wednesday, January 25th 2017 02:54 UTC) Java ver 1.8.0_144 build 3850 Windows 10 10.0 (amd64) 
171023 121926.121|INFO|main|startLog|Working directory is D:\桌面\程式設計C\pc2-9.4.1-20171005T025615Z-001\pc2-9.4.1\bin
171023 121926.130|INFO|main|startLog|Process id is 7732@LAPTOP-F0C4MNFQ
171023 121926.131|INFO|main|start|Starting ConnectionManager...
171023 121926.292|INFO|main|start|Started ConnectionManager
171023 121926.294|INFO|main|setClientServerAndPort|INIFile File location: file:/D:/桌面/程式設計C/pc2-9.4.1-20171005T025615Z-001/pc2-9.4.1/bin/pc2v9.ini
171023 121926.295|INFO|main|setClientServerAndPort|setClientServerAndPort 140.123.104.102 parsed as 140.123.104.102 port 50002
171023 121926.295|INFO|main|info|Contacting server at 140.123.104.102:50002
171023 121926.296|INFO|main|connectToMyServer|Connecting to 140.123.104.102:50002
171023 121926.468|INFO|Thread-1|receiveUnencrypted|receiveUnencrypted(TransportWrapper, ConnectionHandlerID=Socket[addr=/140.123.104.102,port=50002,localport=12418]-5665810677779280198)
171023 121926.664|INFO|Thread-1|receiveUnencrypted|receiveUnencrypted Made a secret key for Socket[addr=/140.123.104.102,port=50002,localport=12418]-5665810677779280198 key is com.sun.crypto.provider.DESKey@18624
171023 121926.665|INFO|Thread-1|getPublicKeyPacket|Generating Unencrypted Public Key Packet
171023 121926.666|INFO|Thread-1|getPublicKeyPacket|checking key:= SunJCE Diffie-Hellman Public Key:
y:
    9e62deaf cc1bae54 c6e189ce f730b3f1 41aa5787 59397a4c 28d3a4bd fcf6540a
    955b4d31 b2624210 3cf25b21 b838a57f c7c0f459 2f6c968e a735978e 540753d0
    f0d04364 deebf986 80b5507d 5a54bfe9 2161f100 1b128de0 de36da02 1e6de2d4
    dfdf3dd4 72a9778c d7f427aa a9482e05 b8bf0dc4 5ca3c6df 1ab98115 aabd2441
p:
    f488fd58 4e49dbcd 20b49de4 9107366b 336c380d 451d0f7c 88b31c7c 5b2d8ef6
    f3c923c0 43f0a55b 188d8ebb 558cb85d 38d334fd 7c175743 a31d186c de33212c
    b52aff3c e1b12940 18118d7c 84a70a72 d686c403 19c80729 7aca950c d9969fab
    d00a509b 0246d308 3d66a45d 419f9c7c bd894b22 1926baab a25ec355 e92f78c7
g:
    02
l:
    512
171023 121926.666|INFO|Thread-1|getPublicKeyPacket|packet:= edu.csus.ecs.pc2.core.transport.TransportWrapper@4ef4c329
171023 124925.534|INFO|Thread-1|receive|Exception in receive for Socket[addr=/140.123.104.102,port=50002,localport=12418]-5665810677779280198
|java.net.SocketTimeoutException: Read timed out
|    at java.net.SocketInputStream.socketRead0 (Unknown Source)
|    at java.net.SocketInputStream.socketRead (Unknown Source)
|    at java.net.SocketInputStream.read (Unknown Source)
|    at java.net.SocketInputStream.read (Unknown Source)
|    at java.io.ObjectInputStream$PeekInputStream.read (Unknown Source)
|    at java.io.ObjectInputStream$BlockDataInputStream.read (Unknown Source)
|    at java.io.ObjectInputStream$BlockDataInputStream.readFully (Unknown Source)
|    at java.io.ObjectInputStream.readArray (Unknown Source)
|    at java.io.ObjectInputStream.readObject0 (Unknown Source)
|    at java.io.ObjectInputStream.defaultReadFields (Unknown Source)
|    at java.io.ObjectInputStream.defaultReadObject (Unknown Source)
|    at javax.crypto.SealedObject.readObject (SealedObject.java:447)
|    at sun.reflect.NativeMethodAccessorImpl.invoke0 (Unknown Source)
|    at sun.reflect.NativeMethodAccessorImpl.invoke (Unknown Source)
|    at sun.reflect.DelegatingMethodAccessorImpl.invoke (Unknown Source)
|    at java.lang.reflect.Method.invoke (Unknown Source)
|    at java.io.ObjectStreamClass.invokeReadObject (Unknown Source)
|    at java.io.ObjectInputStream.readSerialData (Unknown Source)
|    at java.io.ObjectInputStream.readOrdinaryObject (Unknown Source)
|    at java.io.ObjectInputStream.readObject0 (Unknown Source)
|    at java.io.ObjectInputStream.readObject (Unknown Source)
|    at edu.csus.ecs.pc2.core.transport.ConnectionHandlerThread.receive (ConnectionHandlerThread.java:151)
|    at edu.csus.ecs.pc2.core.transport.ConnectionHandlerClientThread.run (ConnectionHandlerClientThread.java:65)
171023 124925.536|FINER|Thread-1|run|THROW
|edu.csus.ecs.pc2.core.transport.TransportException: Read timed out
|    at edu.csus.ecs.pc2.core.transport.ConnectionHandlerThread.receive (ConnectionHandlerThread.java:161)
|    at edu.csus.ecs.pc2.core.transport.ConnectionHandlerClientThread.run (ConnectionHandlerClientThread.java:65)
171023 124925.537|INFO|Thread-1|receive|SocketException in receive for Socket[addr=/140.123.104.102,port=50002,localport=12418]-5665810677779280198
|java.net.SocketException: Connection reset
|    at java.net.SocketInputStream.read (Unknown Source)
|    at java.net.SocketInputStream.read (Unknown Source)
|    at java.net.SocketInputStream.read (Unknown Source)
|    at java.io.ObjectInputStream$PeekInputStream.peek (Unknown Source)
|    at java.io.ObjectInputStream$BlockDataInputStream.peek (Unknown Source)
|    at java.io.ObjectInputStream$BlockDataInputStream.peekByte (Unknown Source)
|    at java.io.ObjectInputStream.readObject0 (Unknown Source)
|    at java.io.ObjectInputStream.readObject (Unknown Source)
|    at edu.csus.ecs.pc2.core.transport.ConnectionHandlerThread.receive (ConnectionHandlerThread.java:151)
|    at edu.csus.ecs.pc2.core.transport.ConnectionHandlerClientThread.run (ConnectionHandlerClientThread.java:65)
171023 124925.537|FINER|Thread-1|run|THROW
|edu.csus.ecs.pc2.core.transport.TransportException: Connection reset
|    at edu.csus.ecs.pc2.core.transport.ConnectionHandlerThread.receive (ConnectionHandlerThread.java:155)
|    at edu.csus.ecs.pc2.core.transport.ConnectionHandlerClientThread.run (ConnectionHandlerClientThread.java:65)
