171125 205346.353|CONFIG|main|setFileHandlers|Now logging to D:\桌面\程式設計C\0\pc2-9.4.1-20171005T025615Z-001\pc2-9.4.1\bin\logs directory.
171125 205346.353|INFO|main|info|
171125 205346.369|INFO|main|info|Version 9.4.1 20170125 (Wednesday, January 25th 2017 02:54 UTC) Java ver 1.8.0_144 build 3850 Windows 10 10.0 (amd64) 
171125 205346.369|INFO|main|startLog|Working directory is D:\桌面\程式設計C\0\pc2-9.4.1-20171005T025615Z-001\pc2-9.4.1\bin
171125 205346.369|INFO|main|startLog|Process id is 7924@LAPTOP-F0C4MNFQ
171125 205346.369|INFO|main|start|Starting ConnectionManager...
171125 205346.623|INFO|main|start|Started ConnectionManager
171125 205346.623|INFO|main|setClientServerAndPort|INIFile File location: file:/D:/桌面/程式設計C/0/pc2-9.4.1-20171005T025615Z-001/pc2-9.4.1/bin/pc2v9.ini
171125 205346.623|INFO|main|setClientServerAndPort|setClientServerAndPort 140.123.104.102 parsed as 140.123.104.102 port 50002
171125 205346.623|INFO|main|info|Contacting server at 140.123.104.102:50002
171125 205346.623|INFO|main|connectToMyServer|Connecting to 140.123.104.102:50002
171125 205346.801|INFO|Thread-1|receiveUnencrypted|receiveUnencrypted(TransportWrapper, ConnectionHandlerID=Socket[addr=/140.123.104.102,port=50002,localport=8868]--3439298665859269166)
171125 205347.102|INFO|Thread-1|receiveUnencrypted|receiveUnencrypted Made a secret key for Socket[addr=/140.123.104.102,port=50002,localport=8868]--3439298665859269166 key is com.sun.crypto.provider.DESKey@fffe7bd6
171125 205347.102|INFO|Thread-1|getPublicKeyPacket|Generating Unencrypted Public Key Packet
171125 205347.102|INFO|Thread-1|getPublicKeyPacket|checking key:= SunJCE Diffie-Hellman Public Key:
y:
    7b905461 6e493845 1d9d1774 d5b683a2 4829cac9 c4e1930e d00d57b6 d62724ab
    4c511c1b 7f1ffe42 2e6571d8 4bc5daaf 27fff446 6cce96df c1fd3c63 13658c07
    86bdc204 99804f4f bb099789 186b6e29 a584fe48 ecf9174c 47915588 f52d56cf
    7262d25b 32100589 177d2e9f 766574f1 125405df 2665e11d 76415633 77272174
p:
    f488fd58 4e49dbcd 20b49de4 9107366b 336c380d 451d0f7c 88b31c7c 5b2d8ef6
    f3c923c0 43f0a55b 188d8ebb 558cb85d 38d334fd 7c175743 a31d186c de33212c
    b52aff3c e1b12940 18118d7c 84a70a72 d686c403 19c80729 7aca950c d9969fab
    d00a509b 0246d308 3d66a45d 419f9c7c bd894b22 1926baab a25ec355 e92f78c7
g:
    02
l:
    512
171125 205347.102|INFO|Thread-1|getPublicKeyPacket|packet:= edu.csus.ecs.pc2.core.transport.TransportWrapper@739ab2df
171125 210004.444|INFO|Thread-1|receive|Exception in receive for Socket[addr=/140.123.104.102,port=50002,localport=8868]--3439298665859269166
|java.net.SocketTimeoutException: Read timed out
|    at java.net.SocketInputStream.socketRead0 (Unknown Source)
|    at java.net.SocketInputStream.socketRead (Unknown Source)
|    at java.net.SocketInputStream.read (Unknown Source)
|    at java.net.SocketInputStream.read (Unknown Source)
|    at java.net.SocketInputStream.read (Unknown Source)
|    at java.io.ObjectInputStream$PeekInputStream.peek (Unknown Source)
|    at java.io.ObjectInputStream$BlockDataInputStream.peek (Unknown Source)
|    at java.io.ObjectInputStream$BlockDataInputStream.peekByte (Unknown Source)
|    at java.io.ObjectInputStream.readObject0 (Unknown Source)
|    at java.io.ObjectInputStream.readObject (Unknown Source)
|    at edu.csus.ecs.pc2.core.transport.ConnectionHandlerThread.receive (ConnectionHandlerThread.java:151)
|    at edu.csus.ecs.pc2.core.transport.ConnectionHandlerClientThread.run (ConnectionHandlerClientThread.java:65)
171125 210004.444|FINER|Thread-1|run|THROW
|edu.csus.ecs.pc2.core.transport.TransportException: Read timed out
|    at edu.csus.ecs.pc2.core.transport.ConnectionHandlerThread.receive (ConnectionHandlerThread.java:161)
|    at edu.csus.ecs.pc2.core.transport.ConnectionHandlerClientThread.run (ConnectionHandlerClientThread.java:65)
171125 210004.444|INFO|Thread-1|receive|SocketException in receive for Socket[addr=/140.123.104.102,port=50002,localport=8868]--3439298665859269166
|java.net.SocketException: Connection reset
|    at java.net.SocketInputStream.read (Unknown Source)
|    at java.net.SocketInputStream.read (Unknown Source)
|    at java.net.SocketInputStream.read (Unknown Source)
|    at java.io.ObjectInputStream$PeekInputStream.peek (Unknown Source)
|    at java.io.ObjectInputStream$BlockDataInputStream.peek (Unknown Source)
|    at java.io.ObjectInputStream$BlockDataInputStream.peekByte (Unknown Source)
|    at java.io.ObjectInputStream.readObject0 (Unknown Source)
|    at java.io.ObjectInputStream.readObject (Unknown Source)
|    at edu.csus.ecs.pc2.core.transport.ConnectionHandlerThread.receive (ConnectionHandlerThread.java:151)
|    at edu.csus.ecs.pc2.core.transport.ConnectionHandlerClientThread.run (ConnectionHandlerClientThread.java:65)
171125 210004.482|FINER|Thread-1|run|THROW
|edu.csus.ecs.pc2.core.transport.TransportException: Connection reset
|    at edu.csus.ecs.pc2.core.transport.ConnectionHandlerThread.receive (ConnectionHandlerThread.java:155)
|    at edu.csus.ecs.pc2.core.transport.ConnectionHandlerClientThread.run (ConnectionHandlerClientThread.java:65)
