171124 035207.855|CONFIG|main|setFileHandlers|Now logging to D:\桌面\程式設計C\pc2-9.4.1-20171005T025615Z-001\pc2-9.4.1\bin\logs directory.
171124 035207.857|INFO|main|info|
171124 035207.860|INFO|main|info|Version 9.4.1 20170125 (Wednesday, January 25th 2017 02:54 UTC) Java ver 1.8.0_144 build 3850 Windows 10 10.0 (amd64) 
171124 035207.861|INFO|main|startLog|Working directory is D:\桌面\程式設計C\pc2-9.4.1-20171005T025615Z-001\pc2-9.4.1\bin
171124 035207.868|INFO|main|startLog|Process id is 17460@LAPTOP-F0C4MNFQ
171124 035207.868|INFO|main|start|Starting ConnectionManager...
171124 035208.020|INFO|main|start|Started ConnectionManager
171124 035208.022|INFO|main|setClientServerAndPort|INIFile File location: file:/D:/桌面/程式設計C/pc2-9.4.1-20171005T025615Z-001/pc2-9.4.1/bin/pc2v9.ini
171124 035208.022|INFO|main|setClientServerAndPort|setClientServerAndPort 140.123.104.102 parsed as 140.123.104.102 port 50002
171124 035208.023|INFO|main|info|Contacting server at 140.123.104.102:50002
171124 035208.023|INFO|main|connectToMyServer|Connecting to 140.123.104.102:50002
171124 035208.226|INFO|Thread-1|receiveUnencrypted|receiveUnencrypted(TransportWrapper, ConnectionHandlerID=Socket[addr=/140.123.104.102,port=50002,localport=3599]-5728115120719537804)
171124 035208.415|INFO|Thread-1|receiveUnencrypted|receiveUnencrypted Made a secret key for Socket[addr=/140.123.104.102,port=50002,localport=3599]-5728115120719537804 key is com.sun.crypto.provider.DESKey@fffe7ff7
171124 035208.416|INFO|Thread-1|getPublicKeyPacket|Generating Unencrypted Public Key Packet
171124 035208.417|INFO|Thread-1|getPublicKeyPacket|checking key:= SunJCE Diffie-Hellman Public Key:
y:
    50e47c8c 5e843ae6 262e65ff 72e8245f 626bb5a9 1cb8ef0b fcb1640e 54b663df
    1503641f e0860c3b 73109392 f809065b 2725acdb 0d6d2cd8 9be89849 aa1f5398
    52c05db4 eb671bda 5933d8c6 164d991e d6d64256 2cd467a4 b2da6efb 5ebbaf1d
    4d75b99c c05a4f83 ea39862e df002325 7f1024c0 2a39ff3c 03805167 a97e10a3
p:
    f488fd58 4e49dbcd 20b49de4 9107366b 336c380d 451d0f7c 88b31c7c 5b2d8ef6
    f3c923c0 43f0a55b 188d8ebb 558cb85d 38d334fd 7c175743 a31d186c de33212c
    b52aff3c e1b12940 18118d7c 84a70a72 d686c403 19c80729 7aca950c d9969fab
    d00a509b 0246d308 3d66a45d 419f9c7c bd894b22 1926baab a25ec355 e92f78c7
g:
    02
l:
    512
171124 035208.417|INFO|Thread-1|getPublicKeyPacket|packet:= edu.csus.ecs.pc2.core.transport.TransportWrapper@44630541
171124 131744.622|INFO|Thread-1|receive|Exception in receive for Socket[addr=/140.123.104.102,port=50002,localport=3599]-5728115120719537804
|java.net.SocketTimeoutException: Read timed out
|    at java.net.SocketInputStream.socketRead0 (Unknown Source)
|    at java.net.SocketInputStream.socketRead (Unknown Source)
|    at java.net.SocketInputStream.read (Unknown Source)
|    at java.net.SocketInputStream.read (Unknown Source)
|    at java.net.SocketInputStream.read (Unknown Source)
|    at java.io.ObjectInputStream$PeekInputStream.peek (Unknown Source)
|    at java.io.ObjectInputStream$BlockDataInputStream.peek (Unknown Source)
|    at java.io.ObjectInputStream$BlockDataInputStream.peekByte (Unknown Source)
|    at java.io.ObjectInputStream.readObject0 (Unknown Source)
|    at java.io.ObjectInputStream.readObject (Unknown Source)
|    at edu.csus.ecs.pc2.core.transport.ConnectionHandlerThread.receive (ConnectionHandlerThread.java:151)
|    at edu.csus.ecs.pc2.core.transport.ConnectionHandlerClientThread.run (ConnectionHandlerClientThread.java:65)
171124 131744.640|FINER|Thread-1|run|THROW
|edu.csus.ecs.pc2.core.transport.TransportException: Read timed out
|    at edu.csus.ecs.pc2.core.transport.ConnectionHandlerThread.receive (ConnectionHandlerThread.java:161)
|    at edu.csus.ecs.pc2.core.transport.ConnectionHandlerClientThread.run (ConnectionHandlerClientThread.java:65)
171124 131744.641|INFO|Thread-1|receive|SocketException in receive for Socket[addr=/140.123.104.102,port=50002,localport=3599]-5728115120719537804
|java.net.SocketException: Connection reset
|    at java.net.SocketInputStream.read (Unknown Source)
|    at java.net.SocketInputStream.read (Unknown Source)
|    at java.net.SocketInputStream.read (Unknown Source)
|    at java.io.ObjectInputStream$PeekInputStream.peek (Unknown Source)
|    at java.io.ObjectInputStream$BlockDataInputStream.peek (Unknown Source)
|    at java.io.ObjectInputStream$BlockDataInputStream.peekByte (Unknown Source)
|    at java.io.ObjectInputStream.readObject0 (Unknown Source)
|    at java.io.ObjectInputStream.readObject (Unknown Source)
|    at edu.csus.ecs.pc2.core.transport.ConnectionHandlerThread.receive (ConnectionHandlerThread.java:151)
|    at edu.csus.ecs.pc2.core.transport.ConnectionHandlerClientThread.run (ConnectionHandlerClientThread.java:65)
171124 131744.641|FINER|Thread-1|run|THROW
|edu.csus.ecs.pc2.core.transport.TransportException: Connection reset
|    at edu.csus.ecs.pc2.core.transport.ConnectionHandlerThread.receive (ConnectionHandlerThread.java:155)
|    at edu.csus.ecs.pc2.core.transport.ConnectionHandlerClientThread.run (ConnectionHandlerClientThread.java:65)
